<?xml version="1.0" encoding="UTF-8"?>
<!-- Generated by org.testng.reporters.JUnitReportReporter -->
<testsuite hostname="LAPTOP-J5VP9QPG" failures="0" tests="1" name="com.awfi.tests.GroupCopyTestScenarios" time="2.417" errors="0" timestamp="2023-07-06T19:34:58 IST" skipped="0">
  <testcase classname="com.awfi.tests.GroupCopyTestScenarios" name="copyAlpineAndCheckData" time="2.417"/>
  <system-out/>
</testsuite> <!-- com.awfi.tests.GroupCopyTestScenarios -->
