<?xml version="1.0" encoding="UTF-8"?>
<!-- Generated by org.testng.reporters.JUnitReportReporter -->
<testsuite hostname="LAPTOP-J5VP9QPG" failures="0" tests="8" name="com.awfi.tests.E2EScenarios" time="426.353" errors="0" timestamp="2023-07-03T20:22:14 IST" skipped="1">
  <testcase classname="com.awfi.tests.E2EScenarios" name="checkVendorCopied" time="2.028"/>
  <system-out/>
  <testcase classname="com.awfi.tests.E2EScenarios" name="createGroupAndCopy" time="355.472"/>
  <system-out/>
  <testcase classname="com.awfi.tests.E2EScenarios" name="checkProcessStepsCopiedCorrectly" time="5.030"/>
  <system-out/>
  <testcase classname="com.awfi.tests.E2EScenarios" name="checkEquipmentMaterialGetsCopied" time="19.007"/>
  <system-out/>
  <testcase classname="com.awfi.tests.E2EScenarios" name="checkFormulaCopied" time="40.258"/>
  <system-out/>
  <testcase classname="com.awfi.tests.E2EScenarios" name="checkProcessScheduleCopiedCorrectly" time="2.313"/>
  <system-out/>
  <testcase classname="com.awfi.tests.E2EScenarios" name="checkMyWorkNotCopied" time="2.245"/>
  <system-out/>
  <testcase classname="com.awfi.tests.E2EScenarios" name="checkReportShouldNotBeCopied">
    <skipped/>
  </testcase> <!-- checkReportShouldNotBeCopied -->
  <system-out/>
</testsuite> <!-- com.awfi.tests.E2EScenarios -->
