<?xml version="1.0" encoding="UTF-8"?>
<!-- Generated by org.testng.reporters.JUnitReportReporter -->
<testsuite hostname="LAPTOP-J5VP9QPG" failures="0" tests="2" name="com.awfi.tests.GroupsTestScenarios" time="25.170" errors="0" timestamp="2023-06-22T19:31:59 IST" skipped="0">
  <testcase classname="com.awfi.tests.GroupsTestScenarios" name="createAndEditGroup" time="24.967"/>
  <system-out/>
  <testcase classname="com.awfi.tests.GroupsTestScenarios" name="checkGroupCopyFunctionality" time="0.203"/>
  <system-out/>
</testsuite> <!-- com.awfi.tests.GroupsTestScenarios -->
