<?xml version="1.0" encoding="UTF-8"?>
<!-- Generated by org.testng.reporters.JUnitReportReporter -->
<testsuite hostname="LAPTOP-J5VP9QPG" failures="0" tests="1" name="com.awfi.tests.Groups" time="25.197" errors="0" timestamp="2023-06-21T21:02:36 IST" skipped="0">
  <testcase classname="com.awfi.tests.Groups" name="createAndEditGroup" time="25.197"/>
  <system-out/>
</testsuite> <!-- com.awfi.tests.Groups -->
